<?xml version="1.0" encoding="UTF-8"?>
<!-- Generated by org.testng.reporters.JUnitXMLReporter -->
<testsuite ignored="2" hostname="Dell-Laptop-2nd-Floor-room1" failures="0" tests="1" name="Test(failed)(failed)" time="0.085" errors="0" timestamp="2023-12-13T08:32:51 IST">
  <testcase classname="com.actitime.testscript.CustomerModule" name="deleteCustomer" time="0.019"/>
  <testcase classname="com.actitime.testscript.CustomerModule" name="createCustomer" time="0.0">
    <ignored/>
  </testcase> <!-- createCustomer -->
  <testcase classname="com.actitime.testscript.CustomerModule" name="modifyCustomer" time="0.0">
    <ignored/>
  </testcase> <!-- modifyCustomer -->
</testsuite> <!-- Test(failed)(failed) -->
