<?xml version="1.0" encoding="UTF-8"?>
<!-- Generated by org.testng.reporters.JUnitXMLReporter -->
<testsuite ignored="1" hostname="Dell-Laptop-2nd-Floor-room1" failures="0" tests="2" name="Test" time="0.109" errors="0" timestamp="2023-12-15T08:45:16 IST">
  <testcase classname="com.actitime.testscript.CustomerModule" name="deleteCustomer" time="0.015"/>
  <testcase classname="com.actitime.testscript.CustomerModule" name="modifyCustomer" time="0.003"/>
  <testcase classname="com.actitime.testscript.CustomerModule" name="createCustomer" time="0.0">
    <ignored/>
  </testcase> <!-- createCustomer -->
</testsuite> <!-- Test -->
