<?xml version="1.0" encoding="UTF-8"?>
<!-- Generated by org.testng.reporters.JUnitXMLReporter -->
<testsuite ignored="0" hostname="Dell-Laptop-2nd-Floor-room1" failures="0" tests="3" name="TestC" time="19.287" errors="0" timestamp="2023-12-27T08:21:10 IST">
  <testcase classname="com.actitime.testscript.CustomerModule" name="createCustomer" time="0.005"/>
  <testcase classname="com.actitime.testscript.CustomerModule" name="modifyCustomer" time="0.0">
    <skipped/>
  </testcase> <!-- modifyCustomer -->
  <testcase classname="com.actitime.testscript.CustomerModule" name="deleteCustomer" time="0.0">
    <skipped/>
  </testcase> <!-- deleteCustomer -->
</testsuite> <!-- TestC -->
