<?xml version="1.0" encoding="UTF-8"?>
<!-- Generated by org.testng.reporters.JUnitXMLReporter -->
<testsuite ignored="0" hostname="Dell-Laptop-2nd-Floor-room1" failures="0" tests="3" name="Default test" time="12.792" errors="0" timestamp="2024-01-09T08:56:58 IST">
  <testcase classname="data_driven_testing.DemoDataProvider" name="demo" time="5.423"/>
  <testcase classname="data_driven_testing.DemoDataProvider" name="demo" time="4.061"/>
  <testcase classname="data_driven_testing.DemoDataProvider" name="demo" time="3.227"/>
</testsuite> <!-- Default test -->
