<?xml version="1.0" encoding="UTF-8"?>
<testng-results ignored="0" total="3" passed="3" failed="0" skipped="0">
  <reporter-output>
  </reporter-output>
  <suite started-at="2024-01-09T08:56:45 IST" name="Default suite" finished-at="2024-01-09T08:56:57 IST" duration-ms="12792">
    <groups>
    </groups>
    <test started-at="2024-01-09T08:56:45 IST" name="Default test" finished-at="2024-01-09T08:56:57 IST" duration-ms="12792">
      <class name="data_driven_testing.DemoDataProvider">
        <test-method signature="demo(java.lang.String,java.lang.String,java.lang.String)[pri:0, instance:data_driven_testing.DemoDataProvider@33bc72d1]" started-at="2024-01-09T08:56:45 IST" name="demo" data-provider="getData" finished-at="2024-01-09T08:56:50 IST" duration-ms="5423" status="PASS">
          <params>
            <param index="0">
              <value>
                <![CDATA[http://localhost/login.do]]>
              </value>
            </param>
            <param index="1">
              <value>
                <![CDATA[admin]]>
              </value>
            </param>
            <param index="2">
              <value>
                <![CDATA[manager]]>
              </value>
            </param>
          </params>
          <reporter-output>
          </reporter-output>
        </test-method> <!-- demo -->
        <test-method signature="demo(java.lang.String,java.lang.String,java.lang.String)[pri:0, instance:data_driven_testing.DemoDataProvider@33bc72d1]" started-at="2024-01-09T08:56:50 IST" name="demo" data-provider="getData" finished-at="2024-01-09T08:56:54 IST" duration-ms="4061" status="PASS">
          <params>
            <param index="0">
              <value>
                <![CDATA[http://localhost/login.do]]>
              </value>
            </param>
            <param index="1">
              <value>
                <![CDATA[admin1]]>
              </value>
            </param>
            <param index="2">
              <value>
                <![CDATA[manager1]]>
              </value>
            </param>
          </params>
          <reporter-output>
          </reporter-output>
        </test-method> <!-- demo -->
        <test-method signature="demo(java.lang.String,java.lang.String,java.lang.String)[pri:0, instance:data_driven_testing.DemoDataProvider@33bc72d1]" started-at="2024-01-09T08:56:54 IST" name="demo" data-provider="getData" finished-at="2024-01-09T08:56:57 IST" duration-ms="3227" status="PASS">
          <params>
            <param index="0">
              <value>
                <![CDATA[http://localhost/login.do]]>
              </value>
            </param>
            <param index="1">
              <value>
                <![CDATA[admin2]]>
              </value>
            </param>
            <param index="2">
              <value>
                <![CDATA[manager2]]>
              </value>
            </param>
          </params>
          <reporter-output>
          </reporter-output>
        </test-method> <!-- demo -->
      </class> <!-- data_driven_testing.DemoDataProvider -->
    </test> <!-- Default test -->
  </suite> <!-- Default suite -->
</testng-results>
