<?xml version="1.0" encoding="UTF-8"?>
<testng-results ignored="0" total="2" passed="2" failed="0" skipped="0">
  <reporter-output>
  </reporter-output>
  <suite started-at="2023-12-27T08:54:10 IST" name="Suite" finished-at="2023-12-27T08:54:17 IST" duration-ms="7130">
    <groups>
    </groups>
    <test started-at="2023-12-27T08:54:10 IST" name="Valid" finished-at="2023-12-27T08:54:14 IST" duration-ms="3650">
      <class name="data_driven_testing.LearnParameterization">
        <test-method signature="login(java.lang.String,java.lang.String,java.lang.String)[pri:0, instance:data_driven_testing.LearnParameterization@55a147cc]" started-at="2023-12-27T08:54:10 IST" name="login" finished-at="2023-12-27T08:54:14 IST" duration-ms="3562" status="PASS">
          <params>
            <param index="0">
              <value>
                <![CDATA[http://localhost/login.do]]>
              </value>
            </param>
            <param index="1">
              <value>
                <![CDATA[admin]]>
              </value>
            </param>
            <param index="2">
              <value>
                <![CDATA[manager]]>
              </value>
            </param>
          </params>
          <reporter-output>
          </reporter-output>
        </test-method> <!-- login -->
      </class> <!-- data_driven_testing.LearnParameterization -->
    </test> <!-- Valid -->
    <test started-at="2023-12-27T08:54:14 IST" name="Invalid" finished-at="2023-12-27T08:54:17 IST" duration-ms="3352">
      <class name="data_driven_testing.LearnParameterization">
        <test-method signature="login(java.lang.String,java.lang.String,java.lang.String)[pri:0, instance:data_driven_testing.LearnParameterization@606e4010]" started-at="2023-12-27T08:54:14 IST" name="login" finished-at="2023-12-27T08:54:17 IST" duration-ms="3347" status="PASS">
          <params>
            <param index="0">
              <value>
                <![CDATA[http://localhost/login.do]]>
              </value>
            </param>
            <param index="1">
              <value>
                <![CDATA[admin1]]>
              </value>
            </param>
            <param index="2">
              <value>
                <![CDATA[manager1]]>
              </value>
            </param>
          </params>
          <reporter-output>
          </reporter-output>
        </test-method> <!-- login -->
      </class> <!-- data_driven_testing.LearnParameterization -->
    </test> <!-- Invalid -->
  </suite> <!-- Suite -->
</testng-results>
